<?xml version="1.0" encoding="UTF-8"?>
<testng-results skipped="0" failed="0" total="2" passed="2">
  <reporter-output>
  </reporter-output>
  <suite name="Default suite" duration-ms="44" started-at="2016-08-27T21:01:53Z" finished-at="2016-08-27T21:01:53Z">
    <groups>
    </groups>
    <test name="Default test" duration-ms="44" started-at="2016-08-27T21:01:53Z" finished-at="2016-08-27T21:01:53Z">
      <class name="Day_1.Annotation">
        <test-method status="PASS" signature="Cookies()[pri:0, instance:Day_1.Annotation@1efbd816]" name="Cookies" is-config="true" duration-ms="12" started-at="2016-08-27T17:01:53Z" finished-at="2016-08-27T17:01:53Z">
          <reporter-output>
          </reporter-output>
        </test-method> <!-- Cookies -->
        <test-method status="PASS" signature="AOpeningBrowser()[pri:0, instance:Day_1.Annotation@1efbd816]" name="AOpeningBrowser" duration-ms="5" started-at="2016-08-27T17:01:53Z" finished-at="2016-08-27T17:01:53Z">
          <reporter-output>
          </reporter-output>
        </test-method> <!-- AOpeningBrowser -->
        <test-method status="PASS" signature="UseridGeneration()[pri:0, instance:Day_1.Annotation@1efbd816]" name="UseridGeneration" is-config="true" duration-ms="0" started-at="2016-08-27T17:01:53Z" finished-at="2016-08-27T17:01:53Z">
          <reporter-output>
          </reporter-output>
        </test-method> <!-- UseridGeneration -->
        <test-method status="PASS" signature="UseridGeneration()[pri:0, instance:Day_1.Annotation@1efbd816]" name="UseridGeneration" is-config="true" duration-ms="1" started-at="2016-08-27T17:01:53Z" finished-at="2016-08-27T17:01:53Z">
          <reporter-output>
          </reporter-output>
        </test-method> <!-- UseridGeneration -->
        <test-method status="PASS" signature="FlightBooking()[pri:0, instance:Day_1.Annotation@1efbd816]" name="FlightBooking" duration-ms="2" started-at="2016-08-27T17:01:53Z" finished-at="2016-08-27T17:01:53Z">
          <reporter-output>
          </reporter-output>
        </test-method> <!-- FlightBooking -->
        <test-method status="PASS" signature="CookiesClose()[pri:0, instance:Day_1.Annotation@1efbd816]" name="CookiesClose" is-config="true" duration-ms="0" started-at="2016-08-27T17:01:53Z" finished-at="2016-08-27T17:01:53Z">
          <reporter-output>
          </reporter-output>
        </test-method> <!-- CookiesClose -->
      </class> <!-- Day_1.Annotation -->
    </test> <!-- Default test -->
  </suite> <!-- Default suite -->
</testng-results>
